<?xml version="1.0" encoding="UTF-8"?>
<coverage generated="1733117329043" clover="3.2.0">
  <project timestamp="1733117329043" name="All files">
    <metrics statements="46" coveredstatements="46" conditionals="5" coveredconditionals="4" methods="17" coveredmethods="17" elements="68" coveredelements="67" complexity="0" loc="46" ncloc="46" packages="2" files="6" classes="6"/>
    <package name="components">
      <metrics statements="27" coveredstatements="27" conditionals="5" coveredconditionals="4" methods="13" coveredmethods="13"/>
      <file name="Card.tsx" path="C:\PRODUCT-ZILLA\TASK7-UNIT-TESTING\src\components\Card.tsx">
        <metrics statements="4" coveredstatements="4" conditionals="0" coveredconditionals="0" methods="2" coveredmethods="2"/>
        <line num="1" count="1" type="stmt"/>
        <line num="47" count="2" type="stmt"/>
        <line num="70" count="12" type="stmt"/>
        <line num="97" count="1" type="stmt"/>
      </file>
      <file name="Header.tsx" path="C:\PRODUCT-ZILLA\TASK7-UNIT-TESTING\src\components\Header.tsx">
        <metrics statements="4" coveredstatements="4" conditionals="0" coveredconditionals="0" methods="1" coveredmethods="1"/>
        <line num="1" count="1" type="stmt"/>
        <line num="3" count="1" type="stmt"/>
        <line num="4" count="2" type="stmt"/>
        <line num="67" count="1" type="stmt"/>
      </file>
      <file name="TodoList.tsx" path="C:\PRODUCT-ZILLA\TASK7-UNIT-TESTING\src\components\TodoList.tsx">
        <metrics statements="19" coveredstatements="19" conditionals="5" coveredconditionals="4" methods="10" coveredmethods="10"/>
        <line num="1" count="1" type="stmt"/>
        <line num="10" count="1" type="stmt"/>
        <line num="11" count="12" type="stmt"/>
        <line num="12" count="12" type="stmt"/>
        <line num="14" count="12" type="stmt"/>
        <line num="15" count="3" type="cond" truecount="1" falsecount="0"/>
        <line num="16" count="3" type="stmt"/>
        <line num="17" count="3" type="stmt"/>
        <line num="21" count="12" type="stmt"/>
        <line num="22" count="1" type="stmt"/>
        <line num="25" count="12" type="stmt"/>
        <line num="26" count="1" type="stmt"/>
        <line num="28" count="1" type="cond" truecount="1" falsecount="1"/>
        <line num="33" count="12" type="stmt"/>
        <line num="42" count="3" type="stmt"/>
        <line num="55" count="4" type="stmt"/>
        <line num="62" count="1" type="stmt"/>
        <line num="68" count="1" type="stmt"/>
        <line num="80" count="1" type="stmt"/>
      </file>
    </package>
    <package name="pages">
      <metrics statements="19" coveredstatements="19" conditionals="0" coveredconditionals="0" methods="4" coveredmethods="4"/>
      <file name="AboutMe.tsx" path="C:\PRODUCT-ZILLA\TASK7-UNIT-TESTING\src\pages\AboutMe.tsx">
        <metrics statements="3" coveredstatements="3" conditionals="0" coveredconditionals="0" methods="1" coveredmethods="1"/>
        <line num="1" count="1" type="stmt"/>
        <line num="2" count="4" type="stmt"/>
        <line num="72" count="1" type="stmt"/>
      </file>
      <file name="ContactForm.tsx" path="C:\PRODUCT-ZILLA\TASK7-UNIT-TESTING\src\pages\ContactForm.tsx">
        <metrics statements="12" coveredstatements="12" conditionals="0" coveredconditionals="0" methods="2" coveredmethods="2"/>
        <line num="1" count="1" type="stmt"/>
        <line num="2" count="1" type="stmt"/>
        <line num="3" count="1" type="stmt"/>
        <line num="4" count="1" type="stmt"/>
        <line num="12" count="1" type="stmt"/>
        <line num="13" count="4" type="stmt"/>
        <line num="19" count="4" type="stmt"/>
        <line num="27" count="4" type="stmt"/>
        <line num="28" count="1" type="stmt"/>
        <line num="39" count="1" type="stmt"/>
        <line num="42" count="4" type="stmt"/>
        <line num="118" count="1" type="stmt"/>
      </file>
      <file name="Home.tsx" path="C:\PRODUCT-ZILLA\TASK7-UNIT-TESTING\src\pages\Home.tsx">
        <metrics statements="4" coveredstatements="4" conditionals="0" coveredconditionals="0" methods="1" coveredmethods="1"/>
        <line num="1" count="1" type="stmt"/>
        <line num="3" count="1" type="stmt"/>
        <line num="4" count="3" type="stmt"/>
        <line num="45" count="1" type="stmt"/>
      </file>
    </package>
  </project>
</coverage>
