{"C:\\PRODUCT-ZILLA\\TASK7-UNIT-TESTING\\src\\App.tsx": {"path":"C:\\PRODUCT-ZILLA\\TASK7-UNIT-TESTING\\src\\App.tsx","statementMap":{"0":{"start":{"line":2,"column":0},"end":{"line":2,"column":74}},"1":{"start":{"line":3,"column":0},"end":{"line":3,"column":41}},"2":{"start":{"line":4,"column":0},"end":{"line":4,"column":32}},"3":{"start":{"line":5,"column":0},"end":{"line":5,"column":38}},"4":{"start":{"line":6,"column":0},"end":{"line":6,"column":46}},"5":{"start":{"line":7,"column":0},"end":{"line":7,"column":45}},"6":{"start":{"line":8,"column":0},"end":{"line":8,"column":37}},"7":{"start":{"line":10,"column":22},"end":{"line":20,"column":null}},"8":{"start":{"line":11,"column":2},"end":{"line":19,"column":null}},"9":{"start":{"line":23,"column":0},"end":{"line":23,"column":19}}},"fnMap":{"0":{"name":"(anonymous_1)","decl":{"start":{"line":10,"column":22},"end":{"line":10,"column":25}},"loc":{"start":{"line":11,"column":2},"end":{"line":19,"column":null}}}},"branchMap":{},"s":{"0":1,"1":1,"2":1,"3":1,"4":1,"5":1,"6":1,"7":1,"8":2,"9":1},"f":{"0":2},"b":{}}
,"C:\\PRODUCT-ZILLA\\TASK7-UNIT-TESTING\\src\\components\\Card.tsx": {"path":"C:\\PRODUCT-ZILLA\\TASK7-UNIT-TESTING\\src\\components\\Card.tsx","statementMap":{"0":{"start":{"line":1,"column":20},"end":{"line":44,"column":2}},"1":{"start":{"line":47,"column":2},"end":{"line":94,"column":4}},"2":{"start":{"line":70,"column":12},"end":{"line":70,"column":29}},"3":{"start":{"line":97,"column":0},"end":{"line":97,"column":33}}},"fnMap":{"0":{"name":"ExperienceSection","decl":{"start":{"line":46,"column":9},"end":{"line":46,"column":26}},"loc":{"start":{"line":46,"column":26},"end":{"line":95,"column":1}}},"1":{"name":"(anonymous_1)","decl":{"start":{"line":69,"column":27},"end":{"line":69,"column":28}},"loc":{"start":{"line":70,"column":12},"end":{"line":70,"column":29}}}},"branchMap":{},"s":{"0":2,"1":3,"2":18,"3":2},"f":{"0":3,"1":18},"b":{}}
,"C:\\PRODUCT-ZILLA\\TASK7-UNIT-TESTING\\src\\components\\Header.tsx": {"path":"C:\\PRODUCT-ZILLA\\TASK7-UNIT-TESTING\\src\\components\\Header.tsx","statementMap":{"0":{"start":{"line":1,"column":0},"end":{"line":1,"column":40}},"1":{"start":{"line":3,"column":15},"end":{"line":65,"column":1}},"2":{"start":{"line":4,"column":2},"end":{"line":64,"column":4}},"3":{"start":{"line":67,"column":0},"end":{"line":67,"column":22}}},"fnMap":{"0":{"name":"(anonymous_0)","decl":{"start":{"line":3,"column":15},"end":{"line":3,"column":18}},"loc":{"start":{"line":3,"column":20},"end":{"line":65,"column":1}}}},"branchMap":{},"s":{"0":2,"1":2,"2":4,"3":2},"f":{"0":4},"b":{}}
,"C:\\PRODUCT-ZILLA\\TASK7-UNIT-TESTING\\src\\components\\TodoList.tsx": {"path":"C:\\PRODUCT-ZILLA\\TASK7-UNIT-TESTING\\src\\components\\TodoList.tsx","statementMap":{"0":{"start":{"line":1,"column":0},"end":{"line":1,"column":33}},"1":{"start":{"line":10,"column":17},"end":{"line":78,"column":1}},"2":{"start":{"line":11,"column":28},"end":{"line":11,"column":48}},"3":{"start":{"line":12,"column":32},"end":{"line":12,"column":52}},"4":{"start":{"line":14,"column":18},"end":{"line":19,"column":3}},"5":{"start":{"line":15,"column":4},"end":{"line":18,"column":5}},"6":{"start":{"line":16,"column":6},"end":{"line":16,"column":80}},"7":{"start":{"line":17,"column":6},"end":{"line":17,"column":21}},"8":{"start":{"line":21,"column":21},"end":{"line":23,"column":3}},"9":{"start":{"line":22,"column":4},"end":{"line":22,"column":53}},"10":{"start":{"line":22,"column":36},"end":{"line":22,"column":50}},"11":{"start":{"line":25,"column":21},"end":{"line":31,"column":3}},"12":{"start":{"line":26,"column":4},"end":{"line":30,"column":6}},"13":{"start":{"line":28,"column":8},"end":{"line":28,"column":71}},"14":{"start":{"line":33,"column":2},"end":{"line":77,"column":4}},"15":{"start":{"line":42,"column":27},"end":{"line":42,"column":53}},"16":{"start":{"line":55,"column":10},"end":{"line":56,"column":null}},"17":{"start":{"line":62,"column":29},"end":{"line":62,"column":48}},"18":{"start":{"line":68,"column":29},"end":{"line":68,"column":48}},"19":{"start":{"line":80,"column":0},"end":{"line":80,"column":24}}},"fnMap":{"0":{"name":"(anonymous_0)","decl":{"start":{"line":10,"column":17},"end":{"line":10,"column":20}},"loc":{"start":{"line":10,"column":22},"end":{"line":78,"column":1}}},"1":{"name":"(anonymous_1)","decl":{"start":{"line":14,"column":18},"end":{"line":14,"column":21}},"loc":{"start":{"line":14,"column":23},"end":{"line":19,"column":3}}},"2":{"name":"(anonymous_2)","decl":{"start":{"line":21,"column":21},"end":{"line":21,"column":22}},"loc":{"start":{"line":21,"column":36},"end":{"line":23,"column":3}}},"3":{"name":"(anonymous_3)","decl":{"start":{"line":22,"column":26},"end":{"line":22,"column":27}},"loc":{"start":{"line":22,"column":36},"end":{"line":22,"column":50}}},"4":{"name":"(anonymous_4)","decl":{"start":{"line":25,"column":21},"end":{"line":25,"column":22}},"loc":{"start":{"line":25,"column":36},"end":{"line":31,"column":3}}},"5":{"name":"(anonymous_5)","decl":{"start":{"line":27,"column":16},"end":{"line":27,"column":17}},"loc":{"start":{"line":28,"column":8},"end":{"line":28,"column":71}}},"6":{"name":"(anonymous_6)","decl":{"start":{"line":42,"column":20},"end":{"line":42,"column":21}},"loc":{"start":{"line":42,"column":27},"end":{"line":42,"column":53}}},"7":{"name":"(anonymous_7)","decl":{"start":{"line":54,"column":19},"end":{"line":54,"column":20}},"loc":{"start":{"line":55,"column":10},"end":{"line":56,"column":null}}},"8":{"name":"(anonymous_8)","decl":{"start":{"line":62,"column":23},"end":{"line":62,"column":26}},"loc":{"start":{"line":62,"column":29},"end":{"line":62,"column":48}}},"9":{"name":"(anonymous_9)","decl":{"start":{"line":68,"column":23},"end":{"line":68,"column":26}},"loc":{"start":{"line":68,"column":29},"end":{"line":68,"column":48}}}},"branchMap":{"0":{"loc":{"start":{"line":15,"column":4},"end":{"line":18,"column":5}},"type":"if","locations":[{"start":{"line":15,"column":4},"end":{"line":18,"column":5}}]},"1":{"loc":{"start":{"line":28,"column":8},"end":{"line":28,"column":71}},"type":"cond-expr","locations":[{"start":{"line":28,"column":25},"end":{"line":28,"column":64}},{"start":{"line":28,"column":67},"end":{"line":28,"column":71}}]},"2":{"loc":{"start":{"line":58,"column":14},"end":{"line":58,"column":null}},"type":"cond-expr","locations":[{"start":{"line":58,"column":31},"end":{"line":58,"column":58}},{"start":{"line":58,"column":61},"end":{"line":58,"column":null}}]}},"s":{"0":2,"1":2,"2":13,"3":13,"4":13,"5":3,"6":3,"7":3,"8":13,"9":1,"10":1,"11":13,"12":1,"13":1,"14":13,"15":3,"16":4,"17":1,"18":1,"19":2},"f":{"0":13,"1":3,"2":1,"3":1,"4":1,"5":1,"6":3,"7":4,"8":1,"9":1},"b":{"0":[3],"1":[1,0],"2":[1,3]}}
,"C:\\PRODUCT-ZILLA\\TASK7-UNIT-TESTING\\src\\pages\\AboutMe.tsx": {"path":"C:\\PRODUCT-ZILLA\\TASK7-UNIT-TESTING\\src\\pages\\AboutMe.tsx","statementMap":{"0":{"start":{"line":1,"column":16},"end":{"line":69,"column":null}},"1":{"start":{"line":2,"column":2},"end":{"line":68,"column":null}},"2":{"start":{"line":72,"column":0},"end":{"line":72,"column":23}}},"fnMap":{"0":{"name":"(anonymous_0)","decl":{"start":{"line":1,"column":16},"end":{"line":1,"column":19}},"loc":{"start":{"line":2,"column":2},"end":{"line":68,"column":null}}}},"branchMap":{},"s":{"0":2,"1":5,"2":2},"f":{"0":5},"b":{}}
,"C:\\PRODUCT-ZILLA\\TASK7-UNIT-TESTING\\src\\pages\\ContactForm.tsx": {"path":"C:\\PRODUCT-ZILLA\\TASK7-UNIT-TESTING\\src\\pages\\ContactForm.tsx","statementMap":{"0":{"start":{"line":1,"column":0},"end":{"line":1,"column":40}},"1":{"start":{"line":2,"column":0},"end":{"line":2,"column":59}},"2":{"start":{"line":3,"column":0},"end":{"line":3,"column":27}},"3":{"start":{"line":4,"column":0},"end":{"line":4,"column":31}},"4":{"start":{"line":12,"column":30},"end":{"line":116,"column":1}},"5":{"start":{"line":13,"column":38},"end":{"line":17,"column":4}},"6":{"start":{"line":19,"column":27},"end":{"line":25,"column":4}},"7":{"start":{"line":27,"column":23},"end":{"line":40,"column":3}},"8":{"start":{"line":28,"column":4},"end":{"line":37,"column":7}},"9":{"start":{"line":39,"column":4},"end":{"line":39,"column":26}},"10":{"start":{"line":42,"column":2},"end":{"line":115,"column":4}},"11":{"start":{"line":118,"column":0},"end":{"line":118,"column":27}}},"fnMap":{"0":{"name":"(anonymous_7)","decl":{"start":{"line":12,"column":30},"end":{"line":12,"column":33}},"loc":{"start":{"line":12,"column":35},"end":{"line":116,"column":1}}},"1":{"name":"(anonymous_8)","decl":{"start":{"line":27,"column":23},"end":{"line":27,"column":24}},"loc":{"start":{"line":27,"column":44},"end":{"line":40,"column":3}}}},"branchMap":{},"s":{"0":2,"1":2,"2":2,"3":2,"4":2,"5":3,"6":3,"7":3,"8":1,"9":1,"10":3,"11":2},"f":{"0":3,"1":1},"b":{}}
,"C:\\PRODUCT-ZILLA\\TASK7-UNIT-TESTING\\src\\pages\\Home.tsx": {"path":"C:\\PRODUCT-ZILLA\\TASK7-UNIT-TESTING\\src\\pages\\Home.tsx","statementMap":{"0":{"start":{"line":1,"column":0},"end":{"line":1,"column":40}},"1":{"start":{"line":3,"column":13},"end":{"line":42,"column":null}},"2":{"start":{"line":4,"column":2},"end":{"line":41,"column":null}},"3":{"start":{"line":45,"column":0},"end":{"line":45,"column":20}}},"fnMap":{"0":{"name":"(anonymous_0)","decl":{"start":{"line":3,"column":13},"end":{"line":3,"column":16}},"loc":{"start":{"line":4,"column":2},"end":{"line":41,"column":null}}}},"branchMap":{},"s":{"0":2,"1":2,"2":5,"3":2},"f":{"0":5},"b":{}}
}
