TN:
SF:src\components\Card.tsx
FN:46,ExperienceSection
FN:69,(anonymous_1)
FNF:2
FNH:2
FNDA:2,ExperienceSection
FNDA:12,(anonymous_1)
DA:1,1
DA:47,2
DA:70,12
DA:97,1
LF:4
LH:4
BRF:0
BRH:0
end_of_record
TN:
SF:src\components\Header.tsx
FN:3,(anonymous_0)
FNF:1
FNH:1
FNDA:2,(anonymous_0)
DA:1,1
DA:3,1
DA:4,2
DA:67,1
LF:4
LH:4
BRF:0
BRH:0
end_of_record
TN:
SF:src\components\TodoList.tsx
FN:10,(anonymous_0)
FN:14,(anonymous_1)
FN:21,(anonymous_2)
FN:22,(anonymous_3)
FN:25,(anonymous_4)
FN:27,(anonymous_5)
FN:42,(anonymous_6)
FN:54,(anonymous_7)
FN:62,(anonymous_8)
FN:68,(anonymous_9)
FNF:10
FNH:10
FNDA:12,(anonymous_0)
FNDA:3,(anonymous_1)
FNDA:1,(anonymous_2)
FNDA:1,(anonymous_3)
FNDA:1,(anonymous_4)
FNDA:1,(anonymous_5)
FNDA:3,(anonymous_6)
FNDA:4,(anonymous_7)
FNDA:1,(anonymous_8)
FNDA:1,(anonymous_9)
DA:1,1
DA:10,1
DA:11,12
DA:12,12
DA:14,12
DA:15,3
DA:16,3
DA:17,3
DA:21,12
DA:22,1
DA:25,12
DA:26,1
DA:28,1
DA:33,12
DA:42,3
DA:55,4
DA:62,1
DA:68,1
DA:80,1
LF:19
LH:19
BRDA:15,0,0,3
BRDA:28,1,0,1
BRDA:28,1,1,0
BRDA:58,2,0,1
BRDA:58,2,1,3
BRF:5
BRH:4
end_of_record
TN:
SF:src\pages\AboutMe.tsx
FN:1,(anonymous_0)
FNF:1
FNH:1
FNDA:4,(anonymous_0)
DA:1,1
DA:2,4
DA:72,1
LF:3
LH:3
BRF:0
BRH:0
end_of_record
TN:
SF:src\pages\Home.tsx
FN:3,(anonymous_0)
FNF:1
FNH:1
FNDA:3,(anonymous_0)
DA:1,1
DA:3,1
DA:4,3
DA:45,1
LF:4
LH:4
BRF:0
BRH:0
end_of_record
